<?xml version="1.0" encoding="UTF-8"?>
<testng-results ignored="0" total="1" passed="1" failed="0" skipped="0">
  <reporter-output>
  </reporter-output>
  <suite started-at="2024-05-21T10:53:45 IST" name="Default suite" finished-at="2024-05-21T10:54:51 IST" duration-ms="65940">
    <groups>
    </groups>
    <test started-at="2024-05-21T10:53:45 IST" name="Default test" finished-at="2024-05-21T10:54:51 IST" duration-ms="65940">
      <class name="testcases.LoginTest">
        <test-method is-config="true" signature="Setup()[pri:0, instance:testcases.LoginTest@6771beb3]" started-at="2024-05-21T10:53:45 IST" name="Setup" finished-at="2024-05-21T10:54:50 IST" duration-ms="65686" status="PASS">
          <reporter-output>
          </reporter-output>
        </test-method> <!-- Setup -->
        <test-method signature="Login()[pri:0, instance:testcases.LoginTest@6771beb3]" started-at="2024-05-21T10:54:51 IST" name="Login" finished-at="2024-05-21T10:54:51 IST" duration-ms="8" status="PASS">
          <reporter-output>
          </reporter-output>
        </test-method> <!-- Login -->
        <test-method is-config="true" signature="tearDown()[pri:0, instance:testcases.LoginTest@6771beb3]" started-at="2024-05-21T10:54:51 IST" name="tearDown" finished-at="2024-05-21T10:54:51 IST" duration-ms="205" status="PASS">
          <reporter-output>
          </reporter-output>
        </test-method> <!-- tearDown -->
      </class> <!-- testcases.LoginTest -->
    </test> <!-- Default test -->
  </suite> <!-- Default suite -->
</testng-results>
