<?xml version="1.0" encoding="UTF-8"?>
<testng-results ignored="0" total="1" passed="1" failed="0" skipped="0">
  <reporter-output>
  </reporter-output>
  <suite started-at="2024-05-21T17:39:28 IST" name="Default suite" finished-at="2024-05-21T17:40:07 IST" duration-ms="39224">
    <groups>
    </groups>
    <test started-at="2024-05-21T17:39:28 IST" name="Default test" finished-at="2024-05-21T17:40:07 IST" duration-ms="39224">
      <class name="testcases.LoginTest">
        <test-method is-config="true" signature="Setup()[pri:0, instance:testcases.LoginTest@5e0e82ae]" started-at="2024-05-21T17:39:28 IST" name="Setup" finished-at="2024-05-21T17:40:02 IST" duration-ms="33550" status="PASS">
          <reporter-output>
          </reporter-output>
        </test-method> <!-- Setup -->
        <test-method signature="Login()[pri:0, instance:testcases.LoginTest@5e0e82ae]" started-at="2024-05-21T17:40:02 IST" name="Login" finished-at="2024-05-21T17:40:07 IST" duration-ms="5627" status="PASS">
          <reporter-output>
          </reporter-output>
        </test-method> <!-- Login -->
      </class> <!-- testcases.LoginTest -->
    </test> <!-- Default test -->
  </suite> <!-- Default suite -->
</testng-results>
